{
  "stats": {
    "suites": 0,
    "tests": 1,
    "passes": 0,
    "pending": 0,
    "failures": 1,
    "start": "2024-06-26T15:29:07.334Z",
    "end": "2024-06-26T15:29:07.892Z",
    "duration": 558,
    "testsRegistered": 1,
    "passPercent": 0,
    "pendingPercent": 0,
    "other": 0,
    "hasOther": false,
    "skipped": 0,
    "hasSkipped": false
  },
  "results": [
    {
      "uuid": "411c4e87-da7b-4c67-89c9-3c37228e4179",
      "title": "",
      "fullFile": "cypress\\integration\\examples\\BDD\\todoist\\todoistStepDef.spec.js",
      "file": "cypress\\integration\\examples\\BDD\\todoist\\todoistStepDef.spec.js",
      "beforeHooks": [],
      "afterHooks": [],
      "tests": [
        {
          "title": "An uncaught error was detected outside of a test",
          "fullTitle": "An uncaught error was detected outside of a test",
          "timedOut": null,
          "duration": 252,
          "state": "failed",
          "speed": null,
          "pass": false,
          "fail": true,
          "pending": false,
          "context": "{\n  \"title\": \"cypress-mochawesome-reporter-screenshots\",\n  \"value\": [\n    [\n      \"\\\\BDD\\\\todoist\\\\todoistStepDef.spec.js\\\\An uncaught error was detected outside of a test (failed).png\"\n    ],\n    [\n      \"\\\\BDD\\\\todoist\\\\todoistStepDef.spec.js\\\\An uncaught error was detected outside of a test (failed) (attempt 2).png\"\n    ]\n  ]\n}",
          "code": "throw err;",
          "err": {
            "message": "Error: The following error originated from your test code, not from Cypress.\n\n  > Expected to find a global registry (this usually means you are trying to define steps or hooks in support/e2e.js, which is not supported) (this might be a bug, please report at https://github.com/badeball/cypress-cucumber-preprocessor)\n\nWhen Cypress detects uncaught errors originating from your test code it will automatically fail the current test.\n\nCypress could not associate this error to any specific test.\n\nWe dynamically generated a new test to display this failure.",
            "estack": "Error: The following error originated from your test code, not from Cypress.\n\n  > Expected to find a global registry (this usually means you are trying to define steps or hooks in support/e2e.js, which is not supported) (this might be a bug, please report at https://github.com/badeball/cypress-cucumber-preprocessor)\n\nWhen Cypress detects uncaught errors originating from your test code it will automatically fail the current test.\n\nCypress could not associate this error to any specific test.\n\nWe dynamically generated a new test to display this failure.\n    at createError (node_modules/@badeball/cypress-cucumber-preprocessor/dist/helpers/error.js:10:0)\n    at fail (node_modules/@badeball/cypress-cucumber-preprocessor/dist/helpers/assertions.js:14:0)\n    at assert (node_modules/@badeball/cypress-cucumber-preprocessor/dist/helpers/assertions.js:20:0)\n    at assertAndReturn (node_modules/@badeball/cypress-cucumber-preprocessor/dist/helpers/assertions.js:23:0)\n    at getRegistry (node_modules/@badeball/cypress-cucumber-preprocessor/dist/registry.js:231:0)\n    at defineStep (node_modules/@badeball/cypress-cucumber-preprocessor/dist/entrypoint-browser.js:42:0)\n    at 1.../../../../support/pageObjects/AddTaskModal (cypress/integration/examples/BDD/todoist/todoistStepDef.spec.js:14:6)\n    at o (node_modules/browser-pack/_prelude.js:1:0)\n    at r (node_modules/browser-pack/_prelude.js:1:0)\n    at eval (node_modules/browser-pack/_prelude.js:1:0)",
            "diff": null
          },
          "uuid": "7e67a04a-49a5-463d-a25d-9f78b6aedfb2",
          "parentUUID": "411c4e87-da7b-4c67-89c9-3c37228e4179",
          "isHook": false,
          "skipped": false
        }
      ],
      "suites": [],
      "passes": [],
      "failures": [
        "7e67a04a-49a5-463d-a25d-9f78b6aedfb2"
      ],
      "pending": [],
      "skipped": [],
      "duration": 252,
      "root": true,
      "rootEmpty": false,
      "_timeout": 2000
    }
  ],
  "meta": {
    "mocha": {
      "version": "7.0.1"
    },
    "mochawesome": {
      "options": {
        "quiet": false,
        "reportFilename": "mochawesome",
        "saveHtml": false,
        "saveJson": true,
        "consoleReporter": "spec",
        "useInlineDiffs": false,
        "code": true
      },
      "version": "7.1.3"
    },
    "marge": {
      "options": {
        "reportDir": "cypress\\reports\\.jsons",
        "overwrite": false,
        "html": false,
        "json": true
      },
      "version": "6.2.0"
    }
  }
}